Build started 15/10/2019 18:16:27.
     1>Project "D:\sistem\progam\pemrograman visual\socket\socket\socket.vcxproj" on node 2 (build target(s)).
     1>InitializeBuildStatus:
         Creating "Debug\socket.unsuccessfulbuild" because "AlwaysCreate" was specified.
       ClCompile:
         c:\Program Files (x86)\Microsoft Visual Studio 10.0\VC\bin\CL.exe /c /ZI /nologo /W3 /WX- /Od /Oy- /D WIN32 /D _DEBUG /D _CONSOLE /D _UNICODE /D UNICODE /Gm /EHsc /RTC1 /MDd /GS /fp:precise /Zc:wchar_t /Zc:forScope /Fo"Debug\\" /Fd"Debug\vc100.pdb" /Gd /TP /analyze- /errorReport:prompt client
         client
       ManifestResourceCompile:
         All outputs are up-to-date.
       Link:
         c:\Program Files (x86)\Microsoft Visual Studio 10.0\VC\bin\link.exe /ERRORREPORT:PROMPT /OUT:"D:\sistem\progam\pemrograman visual\socket\Debug\socket.exe" /INCREMENTAL /NOLOGO kernel32.lib user32.lib gdi32.lib winspool.lib comdlg32.lib advapi32.lib shell32.lib ole32.lib oleaut32.lib uuid.lib odbc32.lib odbccp32.lib /MANIFEST /ManifestFile:"Debug\socket.exe.intermediate.manifest" /MANIFESTUAC:"level='asInvoker' uiAccess='false'" /DEBUG /PDB:"D:\sistem\progam\pemrograman visual\socket\Debug\socket.pdb" /SUBSYSTEM:CONSOLE /TLBID:1 /DYNAMICBASE /NXCOMPAT /IMPLIB:"D:\sistem\progam\pemrograman visual\socket\Debug\socket.lib" /MACHINE:X86 Debug\socket.exe.embed.manifest.res
         Debug\client.obj
       Manifest:
         c:\Program Files (x86)\Microsoft SDKs\Windows\v7.0A\bin\mt.exe /nologo /verbose /out:"Debug\socket.exe.embed.manifest" /manifest Debug\socket.exe.intermediate.manifest
         All outputs are up-to-date.
       LinkEmbedManifest:
         All outputs are up-to-date.
         socket.vcxproj -> D:\sistem\progam\pemrograman visual\socket\Debug\socket.exe
       FinalizeBuildStatus:
         Deleting file "Debug\socket.unsuccessfulbuild".
         Touching "Debug\socket.lastbuildstate".
     1>Done Building Project "D:\sistem\progam\pemrograman visual\socket\socket\socket.vcxproj" (build target(s)).

Build succeeded.

Time Elapsed 00:00:06.68
