Build started 29/03/2019 08:13:09.
     1>Project "D:\sistem\progam\pemrograman visual\coba\oop\oop.vcxproj" on node 2 (build target(s)).
     1>InitializeBuildStatus:
         Creating "Debug\oop.unsuccessfulbuild" because "AlwaysCreate" was specified.
       ClCompile:
         C:\Program Files (x86)\Microsoft Visual Studio 10.0\VC\bin\CL.exe /c /ZI /nologo /W3 /WX- /Od /Oy- /D WIN32 /D _DEBUG /D _CONSOLE /D _UNICODE /D UNICODE /Gm /EHsc /RTC1 /MDd /GS /fp:precise /Zc:wchar_t /Zc:forScope /Fo"Debug\\" /Fd"Debug\vc100.pdb" /Gd /TP /analyze- /errorReport:prompt main1.cpp
         main1.cpp
       ManifestResourceCompile:
         All outputs are up-to-date.
       Link:
         C:\Program Files (x86)\Microsoft Visual Studio 10.0\VC\bin\link.exe /ERRORREPORT:PROMPT /OUT:"D:\sistem\progam\pemrograman visual\coba\Debug\oop.exe" /INCREMENTAL /NOLOGO kernel32.lib user32.lib gdi32.lib winspool.lib comdlg32.lib advapi32.lib shell32.lib ole32.lib oleaut32.lib uuid.lib odbc32.lib odbccp32.lib /MANIFEST /ManifestFile:"Debug\oop.exe.intermediate.manifest" /MANIFESTUAC:"level='asInvoker' uiAccess='false'" /DEBUG /PDB:"D:\sistem\progam\pemrograman visual\coba\Debug\oop.pdb" /SUBSYSTEM:CONSOLE /TLBID:1 /DYNAMICBASE /NXCOMPAT /IMPLIB:"D:\sistem\progam\pemrograman visual\coba\Debug\oop.lib" /MACHINE:X86 Debug\oop.exe.embed.manifest.res
         Debug\main1.obj
       Manifest:
         C:\Program Files (x86)\Microsoft SDKs\Windows\v7.0A\bin\mt.exe /nologo /verbose /out:"Debug\oop.exe.embed.manifest" /manifest Debug\oop.exe.intermediate.manifest
         All outputs are up-to-date.
       LinkEmbedManifest:
         All outputs are up-to-date.
         oop.vcxproj -> D:\sistem\progam\pemrograman visual\coba\Debug\oop.exe
       FinalizeBuildStatus:
         Deleting file "Debug\oop.unsuccessfulbuild".
         Touching "Debug\oop.lastbuildstate".
     1>Done Building Project "D:\sistem\progam\pemrograman visual\coba\oop\oop.vcxproj" (build target(s)).

Build succeeded.

Time Elapsed 00:00:01.62
