Build started 29/03/2019 08:03:53.
     1>Project "D:\sistem\progam\pemrograman visual\coba\coba\coba.vcxproj" on node 2 (build target(s)).
     1>PrepareForBuild:
         Creating directory "D:\sistem\progam\pemrograman visual\coba\Release\".
       InitializeBuildStatus:
         Creating "Release\coba.unsuccessfulbuild" because "AlwaysCreate" was specified.
       ClCompile:
         C:\Program Files (x86)\Microsoft Visual Studio 10.0\VC\bin\CL.exe /c /Zi /nologo /W3 /WX- /O2 /Oi /Oy- /GL /D WIN32 /D NDEBUG /D _CONSOLE /D _UNICODE /D UNICODE /Gm- /EHsc /MD /GS /Gy /fp:precise /Zc:wchar_t /Zc:forScope /Fo"Release\\" /Fd"Release\vc100.pdb" /Gd /TP /analyze- /errorReport:prompt main.cpp
         main.cpp
       Link:
         C:\Program Files (x86)\Microsoft Visual Studio 10.0\VC\bin\link.exe /ERRORREPORT:PROMPT /OUT:"D:\sistem\progam\pemrograman visual\coba\Release\coba.exe" /INCREMENTAL:NO /NOLOGO kernel32.lib user32.lib gdi32.lib winspool.lib comdlg32.lib advapi32.lib shell32.lib ole32.lib oleaut32.lib uuid.lib odbc32.lib odbccp32.lib /MANIFEST /ManifestFile:"Release\coba.exe.intermediate.manifest" /MANIFESTUAC:"level='asInvoker' uiAccess='false'" /DEBUG /PDB:"D:\sistem\progam\pemrograman visual\coba\Release\coba.pdb" /SUBSYSTEM:CONSOLE /OPT:REF /OPT:ICF /LTCG /TLBID:1 /DYNAMICBASE /NXCOMPAT /IMPLIB:"D:\sistem\progam\pemrograman visual\coba\Release\coba.lib" /MACHINE:X86 Release\main.obj
         Generating code
         Finished generating code
         coba.vcxproj -> D:\sistem\progam\pemrograman visual\coba\Release\coba.exe
       Manifest:
         C:\Program Files (x86)\Microsoft SDKs\Windows\v7.0A\bin\mt.exe /nologo /verbose /outputresource:"D:\sistem\progam\pemrograman visual\coba\Release\coba.exe;#1" /manifest Release\coba.exe.intermediate.manifest
       FinalizeBuildStatus:
         Deleting file "Release\coba.unsuccessfulbuild".
         Touching "Release\coba.lastbuildstate".
     1>Done Building Project "D:\sistem\progam\pemrograman visual\coba\coba\coba.vcxproj" (build target(s)).

Build succeeded.

Time Elapsed 00:00:03.11
