Build started 16/04/2019 23:00:31.
     1>Project "D:\sistem\progam\pemrograman visual\mdi_sdi\mdi_sdi\mdi_sdi.vcxproj" on node 2 (build target(s)).
     1>InitializeBuildStatus:
         Creating "Debug\mdi_sdi.unsuccessfulbuild" because "AlwaysCreate" was specified.
       GenerateTargetFrameworkMonikerAttribute:
       Skipping target "GenerateTargetFrameworkMonikerAttribute" because all output files are up-to-date with respect to the input files.
       ClCompile:
         All outputs are up-to-date.
         C:\Program Files (x86)\Microsoft Visual Studio 10.0\VC\bin\CL.exe /c /AI"C:\Program Files (x86)\Reference Assemblies\Microsoft\Framework\.NETFramework\v4.0" /Zi /clr:pure /nologo /W3 /WX- /Od /Oy- /D WIN32 /D _DEBUG /D _UNICODE /D UNICODE /EHa /MDd /GS /fp:precise /Zc:wchar_t /Zc:forScope /Yu"StdAfx.h" /Fp"Debug\mdi_sdi.pch" /Fo"Debug\\" /Fd"Debug\vc100.pdb" /TP /FU"C:\Program Files (x86)\Reference Assemblies\Microsoft\Framework\.NETFramework\v4.0\System.Core.dll" /FU"C:\Program Files (x86)\Reference Assemblies\Microsoft\Framework\.NETFramework\v4.0\System.Data.dll" /FU"C:\Program Files (x86)\Reference Assemblies\Microsoft\Framework\.NETFramework\v4.0\System.dll" /FU"C:\Program Files (x86)\Reference Assemblies\Microsoft\Framework\.NETFramework\v4.0\System.Drawing.dll" /FU"C:\Program Files (x86)\Reference Assemblies\Microsoft\Framework\.NETFramework\v4.0\System.Windows.Forms.dll" /FU"C:\Program Files (x86)\Reference Assemblies\Microsoft\Framework\.NETFramework\v4.0\System.Xml.dll" /analyze- /errorReport:prompt mdi_sdi.cpp /clr:nostdlib 
         mdi_sdi.cpp
         All outputs are up-to-date.
       CoreResGen:
         No resources are out of date with respect to their source files. Skipping resource generation.
       ResourceCompile:
         All outputs are up-to-date.
       Link:
         C:\Program Files (x86)\Microsoft Visual Studio 10.0\VC\bin\link.exe /ERRORREPORT:PROMPT /OUT:"D:\sistem\progam\pemrograman visual\mdi_sdi\Debug\mdi_sdi.exe" /INCREMENTAL /NOLOGO /ASSEMBLYRESOURCE:Debug\mdi_sdi.Form1.resources /ASSEMBLYRESOURCE:Debug\mdi_sdi.mdi.resources /ASSEMBLYRESOURCE:Debug\mdi_sdi.sdi.resources /MANIFEST /ManifestFile:"Debug\mdi_sdi.exe.intermediate.manifest" /MANIFESTUAC:"level='asInvoker' uiAccess='false'" /DEBUG /PDB:"D:\sistem\progam\pemrograman visual\mdi_sdi\Debug\mdi_sdi.pdb" /ASSEMBLYDEBUG /SUBSYSTEM:WINDOWS /TLBID:1 /ENTRY:"main" /DYNAMICBASE /FIXED:NO /NXCOMPAT /MACHINE:X86 Debug\app.res
         Debug\AssemblyInfo.obj
         Debug\mdi.obj
         Debug\mdi_sdi.obj
         Debug\sdi.obj
         Debug\stdafx.obj
         "Debug\.NETFramework,Version=v4.0.AssemblyAttributes.obj"
         mdi_sdi.vcxproj -> D:\sistem\progam\pemrograman visual\mdi_sdi\Debug\mdi_sdi.exe
       Manifest:
         C:\Program Files (x86)\Microsoft SDKs\Windows\v7.0A\bin\mt.exe /nologo /verbose /outputresource:"D:\sistem\progam\pemrograman visual\mdi_sdi\Debug\mdi_sdi.exe;#1" /manifest Debug\mdi_sdi.exe.intermediate.manifest
       FinalizeBuildStatus:
         Deleting file "Debug\mdi_sdi.unsuccessfulbuild".
         Touching "Debug\mdi_sdi.lastbuildstate".
     1>Done Building Project "D:\sistem\progam\pemrograman visual\mdi_sdi\mdi_sdi\mdi_sdi.vcxproj" (build target(s)).

Build succeeded.

Time Elapsed 00:00:01.73
