Build started 14/05/2019 23:24:15.
     1>Project "D:\adrc\tebak_hewan\tebak_hewan\tebak_hewan.vcxproj" on node 2 (build target(s)).
     1>InitializeBuildStatus:
         Creating "Debug\tebak_hewan.unsuccessfulbuild" because "AlwaysCreate" was specified.
       GenerateTargetFrameworkMonikerAttribute:
       Skipping target "GenerateTargetFrameworkMonikerAttribute" because all output files are up-to-date with respect to the input files.
       ClCompile:
         All outputs are up-to-date.
         c:\Program Files (x86)\Microsoft Visual Studio 10.0\VC\bin\CL.exe /c /AI"C:\Program Files (x86)\Reference Assemblies\Microsoft\Framework\.NETFramework\v4.0" /Zi /clr:pure /nologo /W3 /WX- /Od /Oy- /D WIN32 /D _DEBUG /D _UNICODE /D UNICODE /EHa /MDd /GS /fp:precise /Zc:wchar_t /Zc:forScope /Yu"StdAfx.h" /Fp"Debug\tebak_hewan.pch" /Fo"Debug\\" /Fd"Debug\vc100.pdb" /TP /FU"C:\Program Files (x86)\Reference Assemblies\Microsoft\Framework\.NETFramework\v4.0\System.Core.dll" /FU"C:\Program Files (x86)\Reference Assemblies\Microsoft\Framework\.NETFramework\v4.0\System.Data.dll" /FU"C:\Program Files (x86)\Reference Assemblies\Microsoft\Framework\.NETFramework\v4.0\System.dll" /FU"C:\Program Files (x86)\Reference Assemblies\Microsoft\Framework\.NETFramework\v4.0\System.Drawing.dll" /FU"C:\Program Files (x86)\Reference Assemblies\Microsoft\Framework\.NETFramework\v4.0\System.Windows.Forms.dll" /FU"C:\Program Files (x86)\Reference Assemblies\Microsoft\Framework\.NETFramework\v4.0\System.Xml.dll" /analyze- /errorReport:prompt tebak_hewan.cpp /clr:nostdlib 
         tebak_hewan.cpp
         All outputs are up-to-date.
       CoreResGen:
         No resources are out of date with respect to their source files. Skipping resource generation.
       ResourceCompile:
         All outputs are up-to-date.
       Link:
         c:\Program Files (x86)\Microsoft Visual Studio 10.0\VC\bin\link.exe /ERRORREPORT:PROMPT /OUT:"D:\adrc\tebak_hewan\Debug\tebak_hewan.exe" /INCREMENTAL /NOLOGO /ASSEMBLYRESOURCE:Debug\tebak_hewan.Form1.resources /MANIFEST /ManifestFile:"Debug\tebak_hewan.exe.intermediate.manifest" /MANIFESTUAC:"level='asInvoker' uiAccess='false'" /DEBUG /PDB:"D:\adrc\tebak_hewan\Debug\tebak_hewan.pdb" /ASSEMBLYDEBUG /SUBSYSTEM:WINDOWS /TLBID:1 /ENTRY:"main" /DYNAMICBASE /FIXED:NO /NXCOMPAT /MACHINE:X86 Debug\app.res
         Debug\AssemblyInfo.obj
         Debug\stdafx.obj
         Debug\tebak_hewan.obj
         "Debug\.NETFramework,Version=v4.0.AssemblyAttributes.obj"
         tebak_hewan.vcxproj -> D:\adrc\tebak_hewan\Debug\tebak_hewan.exe
       Manifest:
         c:\Program Files (x86)\Microsoft SDKs\Windows\v7.0A\bin\mt.exe /nologo /verbose /outputresource:"D:\adrc\tebak_hewan\Debug\tebak_hewan.exe;#1" /manifest Debug\tebak_hewan.exe.intermediate.manifest
       FinalizeBuildStatus:
         Deleting file "Debug\tebak_hewan.unsuccessfulbuild".
         Touching "Debug\tebak_hewan.lastbuildstate".
     1>Done Building Project "D:\adrc\tebak_hewan\tebak_hewan\tebak_hewan.vcxproj" (build target(s)).

Build succeeded.

Time Elapsed 00:00:02.07
