Build started 09/04/2019 00:00:08.
     1>Project "D:\sistem\progam\pemrograman visual\aplikasi_borang\aplikasi_borang\aplikasi_borang.vcxproj" on node 2 (build target(s)).
     1>InitializeBuildStatus:
         Creating "Debug\aplikasi_borang.unsuccessfulbuild" because "AlwaysCreate" was specified.
       GenerateTargetFrameworkMonikerAttribute:
       Skipping target "GenerateTargetFrameworkMonikerAttribute" because all output files are up-to-date with respect to the input files.
       ClCompile:
         All outputs are up-to-date.
         C:\Program Files (x86)\Microsoft Visual Studio 10.0\VC\bin\CL.exe /c /AI"C:\Program Files (x86)\Reference Assemblies\Microsoft\Framework\.NETFramework\v4.0" /Zi /clr:pure /nologo /W3 /WX- /Od /Oy- /D WIN32 /D _DEBUG /D _UNICODE /D UNICODE /EHa /MDd /GS /fp:precise /Zc:wchar_t /Zc:forScope /Yu"StdAfx.h" /Fp"Debug\aplikasi_borang.pch" /Fo"Debug\\" /Fd"Debug\vc100.pdb" /TP /FU"C:\Program Files (x86)\Reference Assemblies\Microsoft\Framework\.NETFramework\v4.0\System.Core.dll" /FU"C:\Program Files (x86)\Reference Assemblies\Microsoft\Framework\.NETFramework\v4.0\System.Data.dll" /FU"C:\Program Files (x86)\Reference Assemblies\Microsoft\Framework\.NETFramework\v4.0\System.dll" /FU"C:\Program Files (x86)\Reference Assemblies\Microsoft\Framework\.NETFramework\v4.0\System.Drawing.dll" /FU"C:\Program Files (x86)\Reference Assemblies\Microsoft\Framework\.NETFramework\v4.0\System.Windows.Forms.dll" /FU"C:\Program Files (x86)\Reference Assemblies\Microsoft\Framework\.NETFramework\v4.0\System.Xml.dll" /analyze- /errorReport:prompt DATA.cpp aplikasi_borang.cpp /clr:nostdlib 
         DATA.cpp
     1>d:\sistem\progam\pemrograman visual\aplikasi_borang\aplikasi_borang\Form2.h(623): warning C4102: 'DATA' : unreferenced label
         aplikasi_borang.cpp
     1>d:\sistem\progam\pemrograman visual\aplikasi_borang\aplikasi_borang\Form2.h(623): warning C4102: 'DATA' : unreferenced label
         Generating Code...
         All outputs are up-to-date.
       CoreResGen:
         No resources are out of date with respect to their source files. Skipping resource generation.
       ResourceCompile:
         All outputs are up-to-date.
       Link:
         C:\Program Files (x86)\Microsoft Visual Studio 10.0\VC\bin\link.exe /ERRORREPORT:PROMPT /OUT:"D:\sistem\progam\pemrograman visual\aplikasi_borang\Debug\aplikasi_borang.exe" /INCREMENTAL /NOLOGO /ASSEMBLYRESOURCE:Debug\aplikasi_borang.Form1.resources /ASSEMBLYRESOURCE:Debug\aplikasi_borang.Form2.resources /MANIFEST /ManifestFile:"Debug\aplikasi_borang.exe.intermediate.manifest" /MANIFESTUAC:"level='asInvoker' uiAccess='false'" /DEBUG /PDB:"D:\sistem\progam\pemrograman visual\aplikasi_borang\Debug\aplikasi_borang.pdb" /ASSEMBLYDEBUG /SUBSYSTEM:WINDOWS /TLBID:1 /ENTRY:"main" /DYNAMICBASE /FIXED:NO /NXCOMPAT /MACHINE:X86 Debug\app.res
         Debug\aplikasi_borang.obj
         Debug\AssemblyInfo.obj
         Debug\DATA.obj
         Debug\Form2.obj
         Debug\stdafx.obj
         "Debug\.NETFramework,Version=v4.0.AssemblyAttributes.obj"
         aplikasi_borang.vcxproj -> D:\sistem\progam\pemrograman visual\aplikasi_borang\Debug\aplikasi_borang.exe
       Manifest:
         C:\Program Files (x86)\Microsoft SDKs\Windows\v7.0A\bin\mt.exe /nologo /verbose /outputresource:"D:\sistem\progam\pemrograman visual\aplikasi_borang\Debug\aplikasi_borang.exe;#1" /manifest Debug\aplikasi_borang.exe.intermediate.manifest
       FinalizeBuildStatus:
         Deleting file "Debug\aplikasi_borang.unsuccessfulbuild".
         Touching "Debug\aplikasi_borang.lastbuildstate".
     1>Done Building Project "D:\sistem\progam\pemrograman visual\aplikasi_borang\aplikasi_borang\aplikasi_borang.vcxproj" (build target(s)).

Build succeeded.

Time Elapsed 00:00:02.32
